---
VM version: Jan 12 2021 19:38:00 - 81_REL - optU - windows amd64 - 6 - bas2:322789 (mixed mode)

Time:2021-04-2815:50:47
Pid: 5128
Hostname: Chandu-PC
current dir: E:\SAPCloudPlatformDev\CloudFoundry\Springboot\Learning\restfileupload\restfileupload
---
   :    [8716]  15:50:47 ***Warning: DebuggingOnDemand was deactivated
   :    [8140]  15:52:40 ***ERROR (:0): StackOverflowError
   :    [8140]  15:52:40 ***ERROR (:0): StackOverflowError
   :    [8140]  15:52:40 ***ERROR (:0): StackOverflowError
   :    [8140]  15:52:40 ***ERROR (:0): StackOverflowError
   :    [8140]  15:52:40 ***ERROR (:0): StackOverflowError
   :    [8140]  15:52:40 ***ERROR (:0): StackOverflowError
   :    [8140]  15:52:40 ***ERROR (:0): StackOverflowError
   :    [8140]  15:52:40 ***ERROR (:0): StackOverflowError
   :    [8140]  15:52:40 ***ERROR (:0): StackOverflowError
   :    [8140]  15:52:40 ***ERROR (:0): StackOverflowError
   :    [8140]  15:52:40 ***ERROR (:0): StackOverflowError
   :    [8140]  15:52:40 ***ERROR (:0): StackOverflowError
   :    [8140]  15:52:40 ***ERROR (:0): StackOverflowError
   :    [8140]  15:52:40 ***ERROR (:0): StackOverflowError
   :    [8140]  15:52:40 ***ERROR (:0): StackOverflowError
   :    [8140]  15:52:40 ***ERROR (:0): StackOverflowError
   :    [8140]  15:52:40 ***ERROR (:0): StackOverflowError
   :    [8140]  15:52:40 ***ERROR (:0): StackOverflowError
   :    [8140]  15:52:40 ***ERROR (:0): StackOverflowError
   :    [8140]  15:52:40 ***ERROR (:0): StackOverflowError
   :    [8140]  15:52:40 ***ERROR (:0): StackOverflowError
   :    [8140]  15:52:40 ***ERROR (:0): StackOverflowError
   :    [8140]  15:52:40 ***ERROR (:0): StackOverflowError
   :    [8140]  15:52:40 ***ERROR (:0): StackOverflowError
   :    [8140]  15:52:40 ***ERROR (:0): StackOverflowError
   :    [8140]  15:52:40 ***ERROR (:0): StackOverflowError
   :    [8140]  15:52:40 ***ERROR (:0): StackOverflowError
   :    [8140]  15:52:40 ***ERROR (:0): StackOverflowError
   :    [8140]  15:52:40 ***ERROR (:0): StackOverflowError
   :    [8140]  15:52:40 ***ERROR (:0): StackOverflowError
   :    [8140]  15:52:40 ***ERROR (:0): StackOverflowError
   :    [8140]  15:52:40 ***ERROR (:0): StackOverflowError
   :    [8140]  15:52:40 ***ERROR (:0): StackOverflowError
   :    [8140]  15:52:40 ***ERROR (:0): StackOverflowError
   :    [8140]  15:52:40 ***ERROR (:0): StackOverflowError
   :    [8140]  15:52:40 ***ERROR (:0): StackOverflowError
   :    [8140]  15:52:40 ***ERROR (:0): StackOverflowError
   :    [8140]  15:52:40 ***ERROR (:0): StackOverflowError
