---
VM version: Jan 12 2021 19:38:00 - 81_REL - optU - windows amd64 - 6 - bas2:322789 (mixed mode)

Time:2021-04-2816:46:42
Pid: 1484
Hostname: Chandu-PC
current dir: E:\SAPCloudPlatformDev\CloudFoundry\Springboot\Learning\restfileupload\restfileupload
---
   :    [14896] 16:46:42 ***ERROR (:0): StackOverflowError
   :    [14896] 16:46:42 ***ERROR (:0): StackOverflowError
   :    [14896] 16:46:42 ***ERROR (:0): StackOverflowError
   :    [14896] 16:46:42 ***ERROR (:0): StackOverflowError
   :    [14896] 16:46:42 ***ERROR (:0): StackOverflowError
   :    [14896] 16:46:42 ***ERROR (:0): StackOverflowError
   :    [14896] 16:46:42 ***ERROR (:0): StackOverflowError
   :    [14896] 16:46:42 ***ERROR (:0): StackOverflowError
   :    [14896] 16:46:42 ***ERROR (:0): StackOverflowError
   :    [14896] 16:46:42 ***ERROR (:0): StackOverflowError
   :    [14896] 16:46:42 ***ERROR (:0): StackOverflowError
   :    [14896] 16:46:42 ***ERROR (:0): StackOverflowError
   :    [14896] 16:46:42 ***ERROR (:0): StackOverflowError
   :    [14896] 16:46:42 ***ERROR (:0): StackOverflowError
   :    [14896] 16:46:42 ***ERROR (:0): StackOverflowError
   :    [14896] 16:46:42 ***ERROR (:0): StackOverflowError
   :    [14896] 16:46:42 ***ERROR (:0): StackOverflowError
   :    [14896] 16:46:42 ***ERROR (:0): StackOverflowError
   :    [14896] 16:46:42 ***ERROR (:0): StackOverflowError
   :    [14896] 16:46:42 ***ERROR (:0): StackOverflowError
   :    [14896] 16:46:42 ***ERROR (:0): StackOverflowError
   :    [14896] 16:46:42 ***ERROR (:0): StackOverflowError
   :    [14896] 16:46:42 ***ERROR (:0): StackOverflowError
   :    [14896] 16:46:42 ***ERROR (:0): StackOverflowError
   :    [14896] 16:46:42 ***ERROR (:0): StackOverflowError
   :    [14896] 16:46:42 ***ERROR (:0): StackOverflowError
   :    [14896] 16:46:42 ***ERROR (:0): StackOverflowError
   :    [14896] 16:46:42 ***ERROR (:0): StackOverflowError
   :    [14896] 16:46:42 ***ERROR (:0): StackOverflowError
   :    [14896] 16:46:42 ***ERROR (:0): StackOverflowError
   :    [14896] 16:46:42 ***ERROR (:0): StackOverflowError
   :    [14896] 16:46:42 ***ERROR (:0): StackOverflowError
   :    [14896] 16:46:42 ***ERROR (:0): StackOverflowError
   :    [14896] 16:46:42 ***ERROR (:0): StackOverflowError
   :    [14896] 16:46:42 ***ERROR (:0): StackOverflowError
   :    [14896] 16:46:42 ***ERROR (:0): StackOverflowError
   :    [14896] 16:46:42 ***ERROR (:0): StackOverflowError
   :    [14896] 16:46:42 ***ERROR (:0): StackOverflowError
   :    [14896] 16:46:42 ***ERROR (:0): StackOverflowError
   :    [14896] 16:46:42 ***ERROR (:0): StackOverflowError
   :    [14896] 16:46:42 ***ERROR (:0): StackOverflowError
   :    [14896] 16:46:42 ***ERROR (:0): StackOverflowError
   :    [14896] 16:46:42 ***ERROR (:0): StackOverflowError
   :    [14896] 16:46:42 ***ERROR (:0): StackOverflowError
   :    [14896] 16:46:42 ***ERROR (:0): StackOverflowError
   :    [14896] 16:46:42 ***ERROR (:0): StackOverflowError
   :    [14896] 16:46:42 ***ERROR (:0): StackOverflowError
   :    [14896] 16:46:42 ***ERROR (:0): StackOverflowError
   :    [14896] 16:46:42 ***ERROR (:0): StackOverflowError
   :    [12252] 16:47:46 ***ERROR (:0): StackOverflowError
   :    [9444]  16:48:14 ***ERROR (:0): StackOverflowError
   :    [9444]  16:48:14 ***ERROR (:0): StackOverflowError
   :    [9444]  16:48:14 ***ERROR (:0): StackOverflowError
