---
VM version: Jan 12 2021 19:38:00 - 81_REL - optU - windows amd64 - 6 - bas2:322789 (mixed mode)

Time:2021-04-2815:02:28
Pid: 15160
Hostname: Chandu-PC
current dir: E:\SAPCloudPlatformDev\CloudFoundry\Springboot\Learning\restfileupload\restfileupload
---
   :    [6920]  15:02:28 ***ERROR (:0): StackOverflowError
   :    [6920]  15:02:28 ***ERROR (:0): StackOverflowError
   :    [6920]  15:02:28 ***ERROR (:0): StackOverflowError
   :    [6920]  15:02:28 ***ERROR (:0): StackOverflowError
   :    [6920]  15:02:28 ***ERROR (:0): StackOverflowError
   :    [6920]  15:02:28 ***ERROR (:0): StackOverflowError
   :    [6920]  15:02:28 ***ERROR (:0): StackOverflowError
   :    [6920]  15:02:28 ***ERROR (:0): StackOverflowError
   :    [6920]  15:02:28 ***ERROR (:0): StackOverflowError
   :    [6920]  15:02:28 ***ERROR (:0): StackOverflowError
   :    [6920]  15:02:28 ***ERROR (:0): StackOverflowError
   :    [6920]  15:02:28 ***ERROR (:0): StackOverflowError
   :    [6920]  15:02:28 ***ERROR (:0): StackOverflowError
   :    [6920]  15:02:28 ***ERROR (:0): StackOverflowError
   :    [6920]  15:02:28 ***ERROR (:0): StackOverflowError
   :    [6920]  15:02:28 ***ERROR (:0): StackOverflowError
   :    [6920]  15:02:28 ***ERROR (:0): StackOverflowError
   :    [6920]  15:02:28 ***ERROR (:0): StackOverflowError
   :    [6920]  15:02:28 ***ERROR (:0): StackOverflowError
   :    [6920]  15:02:28 ***ERROR (:0): StackOverflowError
   :    [6920]  15:02:28 ***ERROR (:0): StackOverflowError
   :    [6920]  15:02:28 ***ERROR (:0): StackOverflowError
   :    [6920]  15:02:28 ***ERROR (:0): StackOverflowError
   :    [6920]  15:02:28 ***ERROR (:0): StackOverflowError
   :    [6920]  15:02:28 ***ERROR (:0): StackOverflowError
   :    [6920]  15:02:28 ***ERROR (:0): StackOverflowError
   :    [6920]  15:02:28 ***ERROR (:0): StackOverflowError
   :    [6920]  15:02:28 ***ERROR (:0): StackOverflowError
   :    [6920]  15:02:28 ***ERROR (:0): StackOverflowError
   :    [6920]  15:02:28 ***ERROR (:0): StackOverflowError
   :    [6920]  15:02:28 ***ERROR (:0): StackOverflowError
   :    [6920]  15:02:28 ***ERROR (:0): StackOverflowError
   :    [6920]  15:02:28 ***ERROR (:0): StackOverflowError
   :    [6920]  15:02:28 ***ERROR (:0): StackOverflowError
   :    [6920]  15:02:28 ***ERROR (:0): StackOverflowError
   :    [6920]  15:02:28 ***ERROR (:0): StackOverflowError
   :    [6920]  15:02:28 ***ERROR (:0): StackOverflowError
   :    [6920]  15:02:28 ***ERROR (:0): StackOverflowError
   :    [6920]  15:02:28 ***ERROR (:0): StackOverflowError
   :    [6920]  15:02:28 ***ERROR (:0): StackOverflowError
   :    [6920]  15:02:28 ***ERROR (:0): StackOverflowError
   :    [6920]  15:02:28 ***ERROR (:0): StackOverflowError
   :    [6920]  15:02:28 ***ERROR (:0): StackOverflowError
   :    [6920]  15:02:28 ***ERROR (:0): StackOverflowError
   :    [6920]  15:02:28 ***ERROR (:0): StackOverflowError
   :    [6920]  15:02:28 ***ERROR (:0): StackOverflowError
   :    [6920]  15:02:28 ***ERROR (:0): StackOverflowError
   :    [6920]  15:02:28 ***ERROR (:0): StackOverflowError
   :    [6920]  15:02:28 ***ERROR (:0): StackOverflowError
   :    [6920]  15:02:28 ***ERROR (:0): StackOverflowError
   :    [6920]  15:02:28 ***ERROR (:0): StackOverflowError
   :    [6920]  15:02:28 ***ERROR (:0): StackOverflowError
   :    [6920]  15:02:28 ***ERROR (:0): StackOverflowError
   :    [6920]  15:02:28 ***ERROR (:0): StackOverflowError
   :    [6920]  15:02:28 ***ERROR (:0): StackOverflowError
   :    [6920]  15:02:28 ***ERROR (:0): StackOverflowError
   :    [6920]  15:02:28 ***ERROR (:0): StackOverflowError
   :    [6920]  15:02:28 ***ERROR (:0): StackOverflowError
   :    [6920]  15:02:28 ***ERROR (:0): StackOverflowError
